CRITICAL - 2022-01-03 20:50:14 --> Unable to connect to the database.
Main connection [MySQLi]: Unknown database 'ci4_barang'
#0 D:\xampp\htdocs\crud-basic-ci4-master\vendor\codeigniter4\framework\system\Database\BaseConnection.php(577): CodeIgniter\Database\BaseConnection->initialize()
#1 D:\xampp\htdocs\crud-basic-ci4-master\vendor\codeigniter4\framework\system\Database\BaseBuilder.php(1455): CodeIgniter\Database\BaseConnection->query('SELECT *\nFROM `...', Array, false)
#2 D:\xampp\htdocs\crud-basic-ci4-master\vendor\codeigniter4\framework\system\Model.php(183): CodeIgniter\Database\BaseBuilder->get()
#3 D:\xampp\htdocs\crud-basic-ci4-master\vendor\codeigniter4\framework\system\BaseModel.php(584): CodeIgniter\Model->doFindAll(0, 0)
#4 D:\xampp\htdocs\crud-basic-ci4-master\app\Models\Barang_model.php(12): CodeIgniter\BaseModel->findAll()
#5 D:\xampp\htdocs\crud-basic-ci4-master\app\Controllers\Barang.php(12): App\Models\Barang_model->getBarang()
#6 D:\xampp\htdocs\crud-basic-ci4-master\vendor\codeigniter4\framework\system\CodeIgniter.php(825): App\Controllers\Barang->index()
#7 D:\xampp\htdocs\crud-basic-ci4-master\vendor\codeigniter4\framework\system\CodeIgniter.php(412): CodeIgniter\CodeIgniter->runController(Object(App\Controllers\Barang))
#8 D:\xampp\htdocs\crud-basic-ci4-master\vendor\codeigniter4\framework\system\CodeIgniter.php(320): CodeIgniter\CodeIgniter->handleRequest(NULL, Object(Config\Cache), false)
#9 D:\xampp\htdocs\crud-basic-ci4-master\public\index.php(45): CodeIgniter\CodeIgniter->run()
#10 D:\xampp\htdocs\crud-basic-ci4-master\vendor\codeigniter4\framework\system\Commands\Server\rewrite.php(43): require_once('D:\\xampp\\htdocs...')
#11 {main}
CRITICAL - 2022-01-03 22:33:27 --> Undefined array key "qty"
#0 D:\xampp\htdocs\crud-basic-ci4-master\app\Views\barang_view.php(25): CodeIgniter\Debug\Exceptions->errorHandler(2, 'Undefined array...', 'D:\\xampp\\htdocs...', 25)
#1 D:\xampp\htdocs\crud-basic-ci4-master\vendor\codeigniter4\framework\system\View\View.php(210): include('D:\\xampp\\htdocs...')
#2 D:\xampp\htdocs\crud-basic-ci4-master\vendor\codeigniter4\framework\system\View\View.php(213): CodeIgniter\View\View->CodeIgniter\View\{closure}()
#3 D:\xampp\htdocs\crud-basic-ci4-master\vendor\codeigniter4\framework\system\Common.php(1089): CodeIgniter\View\View->render('barang_view', Array, true)
#4 D:\xampp\htdocs\crud-basic-ci4-master\app\Controllers\Barang.php(14): view('barang_view', Array)
#5 D:\xampp\htdocs\crud-basic-ci4-master\vendor\codeigniter4\framework\system\CodeIgniter.php(825): App\Controllers\Barang->index()
#6 D:\xampp\htdocs\crud-basic-ci4-master\vendor\codeigniter4\framework\system\CodeIgniter.php(412): CodeIgniter\CodeIgniter->runController(Object(App\Controllers\Barang))
#7 D:\xampp\htdocs\crud-basic-ci4-master\vendor\codeigniter4\framework\system\CodeIgniter.php(320): CodeIgniter\CodeIgniter->handleRequest(NULL, Object(Config\Cache), false)
#8 D:\xampp\htdocs\crud-basic-ci4-master\public\index.php(45): CodeIgniter\CodeIgniter->run()
#9 D:\xampp\htdocs\crud-basic-ci4-master\vendor\codeigniter4\framework\system\Commands\Server\rewrite.php(43): require_once('D:\\xampp\\htdocs...')
#10 {main}
CRITICAL - 2022-01-03 22:38:57 --> Undefined array key "namacustomer	"
#0 D:\xampp\htdocs\crud-basic-ci4-master\app\Views\barang_view.php(27): CodeIgniter\Debug\Exceptions->errorHandler(2, 'Undefined array...', 'D:\\xampp\\htdocs...', 27)
#1 D:\xampp\htdocs\crud-basic-ci4-master\vendor\codeigniter4\framework\system\View\View.php(210): include('D:\\xampp\\htdocs...')
#2 D:\xampp\htdocs\crud-basic-ci4-master\vendor\codeigniter4\framework\system\View\View.php(213): CodeIgniter\View\View->CodeIgniter\View\{closure}()
#3 D:\xampp\htdocs\crud-basic-ci4-master\vendor\codeigniter4\framework\system\Common.php(1089): CodeIgniter\View\View->render('barang_view', Array, true)
#4 D:\xampp\htdocs\crud-basic-ci4-master\app\Controllers\Barang.php(14): view('barang_view', Array)
#5 D:\xampp\htdocs\crud-basic-ci4-master\vendor\codeigniter4\framework\system\CodeIgniter.php(825): App\Controllers\Barang->index()
#6 D:\xampp\htdocs\crud-basic-ci4-master\vendor\codeigniter4\framework\system\CodeIgniter.php(412): CodeIgniter\CodeIgniter->runController(Object(App\Controllers\Barang))
#7 D:\xampp\htdocs\crud-basic-ci4-master\vendor\codeigniter4\framework\system\CodeIgniter.php(320): CodeIgniter\CodeIgniter->handleRequest(NULL, Object(Config\Cache), false)
#8 D:\xampp\htdocs\crud-basic-ci4-master\public\index.php(45): CodeIgniter\CodeIgniter->run()
#9 D:\xampp\htdocs\crud-basic-ci4-master\vendor\codeigniter4\framework\system\Commands\Server\rewrite.php(43): require_once('D:\\xampp\\htdocs...')
#10 {main}
CRITICAL - 2022-01-03 22:41:34 --> Undefined property: stdClass::$qty
#0 D:\xampp\htdocs\crud-basic-ci4-master\app\Views\edit_view.php(15): CodeIgniter\Debug\Exceptions->errorHandler(2, 'Undefined prope...', 'D:\\xampp\\htdocs...', 15)
#1 D:\xampp\htdocs\crud-basic-ci4-master\vendor\codeigniter4\framework\system\View\View.php(210): include('D:\\xampp\\htdocs...')
#2 D:\xampp\htdocs\crud-basic-ci4-master\vendor\codeigniter4\framework\system\View\View.php(213): CodeIgniter\View\View->CodeIgniter\View\{closure}()
#3 D:\xampp\htdocs\crud-basic-ci4-master\vendor\codeigniter4\framework\system\Common.php(1089): CodeIgniter\View\View->render('edit_view', Array, true)
#4 D:\xampp\htdocs\crud-basic-ci4-master\app\Controllers\Barang.php(56): view('edit_view', Array)
#5 D:\xampp\htdocs\crud-basic-ci4-master\vendor\codeigniter4\framework\system\CodeIgniter.php(825): App\Controllers\Barang->edit('1')
#6 D:\xampp\htdocs\crud-basic-ci4-master\vendor\codeigniter4\framework\system\CodeIgniter.php(412): CodeIgniter\CodeIgniter->runController(Object(App\Controllers\Barang))
#7 D:\xampp\htdocs\crud-basic-ci4-master\vendor\codeigniter4\framework\system\CodeIgniter.php(320): CodeIgniter\CodeIgniter->handleRequest(NULL, Object(Config\Cache), false)
#8 D:\xampp\htdocs\crud-basic-ci4-master\public\index.php(45): CodeIgniter\CodeIgniter->run()
#9 D:\xampp\htdocs\crud-basic-ci4-master\vendor\codeigniter4\framework\system\Commands\Server\rewrite.php(43): require_once('D:\\xampp\\htdocs...')
#10 {main}
CRITICAL - 2022-01-03 22:55:04 --> Undefined constant "CI_VERSION"
#0 D:\xampp\htdocs\crud-basic-ci4-master\vendor\codeigniter4\framework\system\View\View.php(210): include()
#1 D:\xampp\htdocs\crud-basic-ci4-master\vendor\codeigniter4\framework\system\View\View.php(213): CodeIgniter\View\View->CodeIgniter\View\{closure}()
#2 D:\xampp\htdocs\crud-basic-ci4-master\vendor\codeigniter4\framework\system\Common.php(1089): CodeIgniter\View\View->render('barang_view', Array, true)
#3 D:\xampp\htdocs\crud-basic-ci4-master\app\Controllers\Barang.php(14): view('barang_view', Array)
#4 D:\xampp\htdocs\crud-basic-ci4-master\vendor\codeigniter4\framework\system\CodeIgniter.php(825): App\Controllers\Barang->index()
#5 D:\xampp\htdocs\crud-basic-ci4-master\vendor\codeigniter4\framework\system\CodeIgniter.php(412): CodeIgniter\CodeIgniter->runController(Object(App\Controllers\Barang))
#6 D:\xampp\htdocs\crud-basic-ci4-master\vendor\codeigniter4\framework\system\CodeIgniter.php(320): CodeIgniter\CodeIgniter->handleRequest(NULL, Object(Config\Cache), false)
#7 D:\xampp\htdocs\crud-basic-ci4-master\public\index.php(45): CodeIgniter\CodeIgniter->run()
#8 D:\xampp\htdocs\crud-basic-ci4-master\vendor\codeigniter4\framework\system\Commands\Server\rewrite.php(43): require_once('D:\\xampp\\htdocs...')
#9 {main}
CRITICAL - 2022-01-03 22:55:26 --> Undefined constant "CI_VERSION"
#0 D:\xampp\htdocs\crud-basic-ci4-master\vendor\codeigniter4\framework\system\View\View.php(210): include()
#1 D:\xampp\htdocs\crud-basic-ci4-master\vendor\codeigniter4\framework\system\View\View.php(213): CodeIgniter\View\View->CodeIgniter\View\{closure}()
#2 D:\xampp\htdocs\crud-basic-ci4-master\vendor\codeigniter4\framework\system\Common.php(1089): CodeIgniter\View\View->render('barang_view', Array, true)
#3 D:\xampp\htdocs\crud-basic-ci4-master\app\Controllers\Barang.php(14): view('barang_view', Array)
#4 D:\xampp\htdocs\crud-basic-ci4-master\vendor\codeigniter4\framework\system\CodeIgniter.php(825): App\Controllers\Barang->index()
#5 D:\xampp\htdocs\crud-basic-ci4-master\vendor\codeigniter4\framework\system\CodeIgniter.php(412): CodeIgniter\CodeIgniter->runController(Object(App\Controllers\Barang))
#6 D:\xampp\htdocs\crud-basic-ci4-master\vendor\codeigniter4\framework\system\CodeIgniter.php(320): CodeIgniter\CodeIgniter->handleRequest(NULL, Object(Config\Cache), false)
#7 D:\xampp\htdocs\crud-basic-ci4-master\public\index.php(45): CodeIgniter\CodeIgniter->run()
#8 D:\xampp\htdocs\crud-basic-ci4-master\vendor\codeigniter4\framework\system\Commands\Server\rewrite.php(43): require_once('D:\\xampp\\htdocs...')
#9 {main}
CRITICAL - 2022-01-03 23:44:53 --> syntax error, unexpected token "echo"
#0 D:\xampp\htdocs\crud-basic-ci4-master\vendor\codeigniter4\framework\system\View\View.php(213): CodeIgniter\View\View->CodeIgniter\View\{closure}()
#1 D:\xampp\htdocs\crud-basic-ci4-master\vendor\codeigniter4\framework\system\Common.php(1089): CodeIgniter\View\View->render('tambah_view', Array, true)
#2 D:\xampp\htdocs\crud-basic-ci4-master\app\Controllers\Barang.php(22): view('tambah_view', Array)
#3 D:\xampp\htdocs\crud-basic-ci4-master\vendor\codeigniter4\framework\system\CodeIgniter.php(825): App\Controllers\Barang->tambah()
#4 D:\xampp\htdocs\crud-basic-ci4-master\vendor\codeigniter4\framework\system\CodeIgniter.php(412): CodeIgniter\CodeIgniter->runController(Object(App\Controllers\Barang))
#5 D:\xampp\htdocs\crud-basic-ci4-master\vendor\codeigniter4\framework\system\CodeIgniter.php(320): CodeIgniter\CodeIgniter->handleRequest(NULL, Object(Config\Cache), false)
#6 D:\xampp\htdocs\crud-basic-ci4-master\public\index.php(45): CodeIgniter\CodeIgniter->run()
#7 D:\xampp\htdocs\crud-basic-ci4-master\vendor\codeigniter4\framework\system\Commands\Server\rewrite.php(43): require_once('D:\\xampp\\htdocs...')
#8 {main}
CRITICAL - 2022-01-03 23:45:12 --> syntax error, unexpected token "echo"
#0 D:\xampp\htdocs\crud-basic-ci4-master\vendor\codeigniter4\framework\system\View\View.php(213): CodeIgniter\View\View->CodeIgniter\View\{closure}()
#1 D:\xampp\htdocs\crud-basic-ci4-master\vendor\codeigniter4\framework\system\Common.php(1089): CodeIgniter\View\View->render('tambah_view', Array, true)
#2 D:\xampp\htdocs\crud-basic-ci4-master\app\Controllers\Barang.php(22): view('tambah_view', Array)
#3 D:\xampp\htdocs\crud-basic-ci4-master\vendor\codeigniter4\framework\system\CodeIgniter.php(825): App\Controllers\Barang->tambah()
#4 D:\xampp\htdocs\crud-basic-ci4-master\vendor\codeigniter4\framework\system\CodeIgniter.php(412): CodeIgniter\CodeIgniter->runController(Object(App\Controllers\Barang))
#5 D:\xampp\htdocs\crud-basic-ci4-master\vendor\codeigniter4\framework\system\CodeIgniter.php(320): CodeIgniter\CodeIgniter->handleRequest(NULL, Object(Config\Cache), false)
#6 D:\xampp\htdocs\crud-basic-ci4-master\public\index.php(45): CodeIgniter\CodeIgniter->run()
#7 D:\xampp\htdocs\crud-basic-ci4-master\vendor\codeigniter4\framework\system\Commands\Server\rewrite.php(43): require_once('D:\\xampp\\htdocs...')
#8 {main}
CRITICAL - 2022-01-03 23:45:13 --> syntax error, unexpected token "echo"
#0 D:\xampp\htdocs\crud-basic-ci4-master\vendor\codeigniter4\framework\system\View\View.php(213): CodeIgniter\View\View->CodeIgniter\View\{closure}()
#1 D:\xampp\htdocs\crud-basic-ci4-master\vendor\codeigniter4\framework\system\Common.php(1089): CodeIgniter\View\View->render('tambah_view', Array, true)
#2 D:\xampp\htdocs\crud-basic-ci4-master\app\Controllers\Barang.php(22): view('tambah_view', Array)
#3 D:\xampp\htdocs\crud-basic-ci4-master\vendor\codeigniter4\framework\system\CodeIgniter.php(825): App\Controllers\Barang->tambah()
#4 D:\xampp\htdocs\crud-basic-ci4-master\vendor\codeigniter4\framework\system\CodeIgniter.php(412): CodeIgniter\CodeIgniter->runController(Object(App\Controllers\Barang))
#5 D:\xampp\htdocs\crud-basic-ci4-master\vendor\codeigniter4\framework\system\CodeIgniter.php(320): CodeIgniter\CodeIgniter->handleRequest(NULL, Object(Config\Cache), false)
#6 D:\xampp\htdocs\crud-basic-ci4-master\public\index.php(45): CodeIgniter\CodeIgniter->run()
#7 D:\xampp\htdocs\crud-basic-ci4-master\vendor\codeigniter4\framework\system\Commands\Server\rewrite.php(43): require_once('D:\\xampp\\htdocs...')
#8 {main}
CRITICAL - 2022-01-03 23:50:18 --> Undefined variable $model
#0 D:\xampp\htdocs\crud-basic-ci4-master\app\Controllers\Barang.php(109): CodeIgniter\Debug\Exceptions->errorHandler(2, 'Undefined varia...', 'D:\\xampp\\htdocs...', 109)
#1 D:\xampp\htdocs\crud-basic-ci4-master\vendor\codeigniter4\framework\system\CodeIgniter.php(825): App\Controllers\Barang->get_autocomplete()
#2 D:\xampp\htdocs\crud-basic-ci4-master\vendor\codeigniter4\framework\system\CodeIgniter.php(412): CodeIgniter\CodeIgniter->runController(Object(App\Controllers\Barang))
#3 D:\xampp\htdocs\crud-basic-ci4-master\vendor\codeigniter4\framework\system\CodeIgniter.php(320): CodeIgniter\CodeIgniter->handleRequest(NULL, Object(Config\Cache), false)
#4 D:\xampp\htdocs\crud-basic-ci4-master\public\index.php(45): CodeIgniter\CodeIgniter->run()
#5 D:\xampp\htdocs\crud-basic-ci4-master\vendor\codeigniter4\framework\system\Commands\Server\rewrite.php(43): require_once('D:\\xampp\\htdocs...')
#6 {main}
CRITICAL - 2022-01-03 23:51:09 --> Attempt to read property "namacustomer" on array
#0 D:\xampp\htdocs\crud-basic-ci4-master\app\Controllers\Barang.php(114): CodeIgniter\Debug\Exceptions->errorHandler(2, 'Attempt to read...', 'D:\\xampp\\htdocs...', 114)
#1 D:\xampp\htdocs\crud-basic-ci4-master\vendor\codeigniter4\framework\system\CodeIgniter.php(825): App\Controllers\Barang->get_autocomplete()
#2 D:\xampp\htdocs\crud-basic-ci4-master\vendor\codeigniter4\framework\system\CodeIgniter.php(412): CodeIgniter\CodeIgniter->runController(Object(App\Controllers\Barang))
#3 D:\xampp\htdocs\crud-basic-ci4-master\vendor\codeigniter4\framework\system\CodeIgniter.php(320): CodeIgniter\CodeIgniter->handleRequest(NULL, Object(Config\Cache), false)
#4 D:\xampp\htdocs\crud-basic-ci4-master\public\index.php(45): CodeIgniter\CodeIgniter->run()
#5 D:\xampp\htdocs\crud-basic-ci4-master\vendor\codeigniter4\framework\system\Commands\Server\rewrite.php(43): require_once('D:\\xampp\\htdocs...')
#6 {main}
