CRITICAL - 2022-01-04 00:32:42 --> Unclosed '{' on line 7
#0 D:\xampp\htdocs\crud-basic-ci4-master\vendor\codeigniter4\framework\system\Router\Router.php(175): CodeIgniter\Router\Router->autoRoute('barang/tambah')
#1 D:\xampp\htdocs\crud-basic-ci4-master\vendor\codeigniter4\framework\system\CodeIgniter.php(719): CodeIgniter\Router\Router->handle('barang/tambah')
#2 D:\xampp\htdocs\crud-basic-ci4-master\vendor\codeigniter4\framework\system\CodeIgniter.php(361): CodeIgniter\CodeIgniter->tryToRouteIt(Object(CodeIgniter\Router\RouteCollection))
#3 D:\xampp\htdocs\crud-basic-ci4-master\vendor\codeigniter4\framework\system\CodeIgniter.php(320): CodeIgniter\CodeIgniter->handleRequest(NULL, Object(Config\Cache), false)
#4 D:\xampp\htdocs\crud-basic-ci4-master\public\index.php(45): CodeIgniter\CodeIgniter->run()
#5 D:\xampp\htdocs\crud-basic-ci4-master\vendor\codeigniter4\framework\system\Commands\Server\rewrite.php(43): require_once('D:\\xampp\\htdocs...')
#6 {main}
CRITICAL - 2022-01-04 01:14:27 --> Unclosed '{' on line 7
#0 D:\xampp\htdocs\crud-basic-ci4-master\vendor\codeigniter4\framework\system\Router\Router.php(175): CodeIgniter\Router\Router->autoRoute('barang/tambah')
#1 D:\xampp\htdocs\crud-basic-ci4-master\vendor\codeigniter4\framework\system\CodeIgniter.php(719): CodeIgniter\Router\Router->handle('barang/tambah')
#2 D:\xampp\htdocs\crud-basic-ci4-master\vendor\codeigniter4\framework\system\CodeIgniter.php(361): CodeIgniter\CodeIgniter->tryToRouteIt(Object(CodeIgniter\Router\RouteCollection))
#3 D:\xampp\htdocs\crud-basic-ci4-master\vendor\codeigniter4\framework\system\CodeIgniter.php(320): CodeIgniter\CodeIgniter->handleRequest(NULL, Object(Config\Cache), false)
#4 D:\xampp\htdocs\crud-basic-ci4-master\public\index.php(45): CodeIgniter\CodeIgniter->run()
#5 D:\xampp\htdocs\crud-basic-ci4-master\vendor\codeigniter4\framework\system\Commands\Server\rewrite.php(43): require_once('D:\\xampp\\htdocs...')
#6 {main}
CRITICAL - 2022-01-04 01:16:11 --> Call to undefined method CodeIgniter\Database\MySQLi\Connection::like()
#0 D:\xampp\htdocs\crud-basic-ci4-master\app\Controllers\Barang.php(112): App\Models\Barang_model->search_customer('z')
#1 D:\xampp\htdocs\crud-basic-ci4-master\vendor\codeigniter4\framework\system\CodeIgniter.php(825): App\Controllers\Barang->get_autocomplete()
#2 D:\xampp\htdocs\crud-basic-ci4-master\vendor\codeigniter4\framework\system\CodeIgniter.php(412): CodeIgniter\CodeIgniter->runController(Object(App\Controllers\Barang))
#3 D:\xampp\htdocs\crud-basic-ci4-master\vendor\codeigniter4\framework\system\CodeIgniter.php(320): CodeIgniter\CodeIgniter->handleRequest(NULL, Object(Config\Cache), false)
#4 D:\xampp\htdocs\crud-basic-ci4-master\public\index.php(45): CodeIgniter\CodeIgniter->run()
#5 D:\xampp\htdocs\crud-basic-ci4-master\vendor\codeigniter4\framework\system\Commands\Server\rewrite.php(43): require_once('D:\\xampp\\htdocs...')
#6 {main}
CRITICAL - 2022-01-04 01:16:15 --> Call to undefined method CodeIgniter\Database\MySQLi\Connection::like()
#0 D:\xampp\htdocs\crud-basic-ci4-master\app\Controllers\Barang.php(112): App\Models\Barang_model->search_customer('e')
#1 D:\xampp\htdocs\crud-basic-ci4-master\vendor\codeigniter4\framework\system\CodeIgniter.php(825): App\Controllers\Barang->get_autocomplete()
#2 D:\xampp\htdocs\crud-basic-ci4-master\vendor\codeigniter4\framework\system\CodeIgniter.php(412): CodeIgniter\CodeIgniter->runController(Object(App\Controllers\Barang))
#3 D:\xampp\htdocs\crud-basic-ci4-master\vendor\codeigniter4\framework\system\CodeIgniter.php(320): CodeIgniter\CodeIgniter->handleRequest(NULL, Object(Config\Cache), false)
#4 D:\xampp\htdocs\crud-basic-ci4-master\public\index.php(45): CodeIgniter\CodeIgniter->run()
#5 D:\xampp\htdocs\crud-basic-ci4-master\vendor\codeigniter4\framework\system\Commands\Server\rewrite.php(43): require_once('D:\\xampp\\htdocs...')
#6 {main}
CRITICAL - 2022-01-04 01:17:22 --> Call to undefined method CodeIgniter\Database\MySQLi\Connection::like()
#0 D:\xampp\htdocs\crud-basic-ci4-master\app\Controllers\Barang.php(112): App\Models\Barang_model->search_customer('zx')
#1 D:\xampp\htdocs\crud-basic-ci4-master\vendor\codeigniter4\framework\system\CodeIgniter.php(825): App\Controllers\Barang->get_autocomplete()
#2 D:\xampp\htdocs\crud-basic-ci4-master\vendor\codeigniter4\framework\system\CodeIgniter.php(412): CodeIgniter\CodeIgniter->runController(Object(App\Controllers\Barang))
#3 D:\xampp\htdocs\crud-basic-ci4-master\vendor\codeigniter4\framework\system\CodeIgniter.php(320): CodeIgniter\CodeIgniter->handleRequest(NULL, Object(Config\Cache), false)
#4 D:\xampp\htdocs\crud-basic-ci4-master\public\index.php(45): CodeIgniter\CodeIgniter->run()
#5 D:\xampp\htdocs\crud-basic-ci4-master\vendor\codeigniter4\framework\system\Commands\Server\rewrite.php(43): require_once('D:\\xampp\\htdocs...')
#6 {main}
CRITICAL - 2022-01-04 01:17:24 --> Call to undefined method CodeIgniter\Database\MySQLi\Connection::like()
#0 D:\xampp\htdocs\crud-basic-ci4-master\app\Controllers\Barang.php(112): App\Models\Barang_model->search_customer('Z')
#1 D:\xampp\htdocs\crud-basic-ci4-master\vendor\codeigniter4\framework\system\CodeIgniter.php(825): App\Controllers\Barang->get_autocomplete()
#2 D:\xampp\htdocs\crud-basic-ci4-master\vendor\codeigniter4\framework\system\CodeIgniter.php(412): CodeIgniter\CodeIgniter->runController(Object(App\Controllers\Barang))
#3 D:\xampp\htdocs\crud-basic-ci4-master\vendor\codeigniter4\framework\system\CodeIgniter.php(320): CodeIgniter\CodeIgniter->handleRequest(NULL, Object(Config\Cache), false)
#4 D:\xampp\htdocs\crud-basic-ci4-master\public\index.php(45): CodeIgniter\CodeIgniter->run()
#5 D:\xampp\htdocs\crud-basic-ci4-master\vendor\codeigniter4\framework\system\Commands\Server\rewrite.php(43): require_once('D:\\xampp\\htdocs...')
#6 {main}
CRITICAL - 2022-01-04 01:17:44 --> Call to undefined method CodeIgniter\Database\MySQLi\Connection::like()
#0 D:\xampp\htdocs\crud-basic-ci4-master\app\Controllers\Barang.php(112): App\Models\Barang_model->search_customer('h')
#1 D:\xampp\htdocs\crud-basic-ci4-master\vendor\codeigniter4\framework\system\CodeIgniter.php(825): App\Controllers\Barang->get_autocomplete()
#2 D:\xampp\htdocs\crud-basic-ci4-master\vendor\codeigniter4\framework\system\CodeIgniter.php(412): CodeIgniter\CodeIgniter->runController(Object(App\Controllers\Barang))
#3 D:\xampp\htdocs\crud-basic-ci4-master\vendor\codeigniter4\framework\system\CodeIgniter.php(320): CodeIgniter\CodeIgniter->handleRequest(NULL, Object(Config\Cache), false)
#4 D:\xampp\htdocs\crud-basic-ci4-master\public\index.php(45): CodeIgniter\CodeIgniter->run()
#5 D:\xampp\htdocs\crud-basic-ci4-master\vendor\codeigniter4\framework\system\Commands\Server\rewrite.php(43): require_once('D:\\xampp\\htdocs...')
#6 {main}
CRITICAL - 2022-01-04 01:17:45 --> Call to undefined method CodeIgniter\Database\MySQLi\Connection::like()
#0 D:\xampp\htdocs\crud-basic-ci4-master\app\Controllers\Barang.php(112): App\Models\Barang_model->search_customer('ha')
#1 D:\xampp\htdocs\crud-basic-ci4-master\vendor\codeigniter4\framework\system\CodeIgniter.php(825): App\Controllers\Barang->get_autocomplete()
#2 D:\xampp\htdocs\crud-basic-ci4-master\vendor\codeigniter4\framework\system\CodeIgniter.php(412): CodeIgniter\CodeIgniter->runController(Object(App\Controllers\Barang))
#3 D:\xampp\htdocs\crud-basic-ci4-master\vendor\codeigniter4\framework\system\CodeIgniter.php(320): CodeIgniter\CodeIgniter->handleRequest(NULL, Object(Config\Cache), false)
#4 D:\xampp\htdocs\crud-basic-ci4-master\public\index.php(45): CodeIgniter\CodeIgniter->run()
#5 D:\xampp\htdocs\crud-basic-ci4-master\vendor\codeigniter4\framework\system\Commands\Server\rewrite.php(43): require_once('D:\\xampp\\htdocs...')
#6 {main}
CRITICAL - 2022-01-04 01:17:46 --> Call to undefined method CodeIgniter\Database\MySQLi\Connection::like()
#0 D:\xampp\htdocs\crud-basic-ci4-master\app\Controllers\Barang.php(112): App\Models\Barang_model->search_customer('hao')
#1 D:\xampp\htdocs\crud-basic-ci4-master\vendor\codeigniter4\framework\system\CodeIgniter.php(825): App\Controllers\Barang->get_autocomplete()
#2 D:\xampp\htdocs\crud-basic-ci4-master\vendor\codeigniter4\framework\system\CodeIgniter.php(412): CodeIgniter\CodeIgniter->runController(Object(App\Controllers\Barang))
#3 D:\xampp\htdocs\crud-basic-ci4-master\vendor\codeigniter4\framework\system\CodeIgniter.php(320): CodeIgniter\CodeIgniter->handleRequest(NULL, Object(Config\Cache), false)
#4 D:\xampp\htdocs\crud-basic-ci4-master\public\index.php(45): CodeIgniter\CodeIgniter->run()
#5 D:\xampp\htdocs\crud-basic-ci4-master\vendor\codeigniter4\framework\system\Commands\Server\rewrite.php(43): require_once('D:\\xampp\\htdocs...')
#6 {main}
CRITICAL - 2022-01-04 01:24:16 --> Call to undefined method CodeIgniter\Database\MySQLi\Connection::like()
#0 D:\xampp\htdocs\crud-basic-ci4-master\app\Controllers\Barang.php(112): App\Models\Barang_model->search_customer('z')
#1 D:\xampp\htdocs\crud-basic-ci4-master\vendor\codeigniter4\framework\system\CodeIgniter.php(825): App\Controllers\Barang->get_autocomplete()
#2 D:\xampp\htdocs\crud-basic-ci4-master\vendor\codeigniter4\framework\system\CodeIgniter.php(412): CodeIgniter\CodeIgniter->runController(Object(App\Controllers\Barang))
#3 D:\xampp\htdocs\crud-basic-ci4-master\vendor\codeigniter4\framework\system\CodeIgniter.php(320): CodeIgniter\CodeIgniter->handleRequest(NULL, Object(Config\Cache), false)
#4 D:\xampp\htdocs\crud-basic-ci4-master\public\index.php(45): CodeIgniter\CodeIgniter->run()
#5 D:\xampp\htdocs\crud-basic-ci4-master\vendor\codeigniter4\framework\system\Commands\Server\rewrite.php(43): require_once('D:\\xampp\\htdocs...')
#6 {main}
CRITICAL - 2022-01-04 01:25:39 --> Undefined array key "term"
#0 D:\xampp\htdocs\crud-basic-ci4-master\app\Controllers\Barang.php(124): CodeIgniter\Debug\Exceptions->errorHandler(2, 'Undefined array...', 'D:\\xampp\\htdocs...', 124)
#1 D:\xampp\htdocs\crud-basic-ci4-master\vendor\codeigniter4\framework\system\CodeIgniter.php(825): App\Controllers\Barang->get_autocomplete()
#2 D:\xampp\htdocs\crud-basic-ci4-master\vendor\codeigniter4\framework\system\CodeIgniter.php(412): CodeIgniter\CodeIgniter->runController(Object(App\Controllers\Barang))
#3 D:\xampp\htdocs\crud-basic-ci4-master\vendor\codeigniter4\framework\system\CodeIgniter.php(320): CodeIgniter\CodeIgniter->handleRequest(NULL, Object(Config\Cache), false)
#4 D:\xampp\htdocs\crud-basic-ci4-master\public\index.php(45): CodeIgniter\CodeIgniter->run()
#5 D:\xampp\htdocs\crud-basic-ci4-master\vendor\codeigniter4\framework\system\Commands\Server\rewrite.php(43): require_once('D:\\xampp\\htdocs...')
#6 {main}
CRITICAL - 2022-01-04 01:26:02 --> Undefined array key "term"
#0 D:\xampp\htdocs\crud-basic-ci4-master\app\Controllers\Barang.php(111): CodeIgniter\Debug\Exceptions->errorHandler(2, 'Undefined array...', 'D:\\xampp\\htdocs...', 111)
#1 D:\xampp\htdocs\crud-basic-ci4-master\vendor\codeigniter4\framework\system\CodeIgniter.php(825): App\Controllers\Barang->get_autocomplete()
#2 D:\xampp\htdocs\crud-basic-ci4-master\vendor\codeigniter4\framework\system\CodeIgniter.php(412): CodeIgniter\CodeIgniter->runController(Object(App\Controllers\Barang))
#3 D:\xampp\htdocs\crud-basic-ci4-master\vendor\codeigniter4\framework\system\CodeIgniter.php(320): CodeIgniter\CodeIgniter->handleRequest(NULL, Object(Config\Cache), false)
#4 D:\xampp\htdocs\crud-basic-ci4-master\public\index.php(45): CodeIgniter\CodeIgniter->run()
#5 D:\xampp\htdocs\crud-basic-ci4-master\vendor\codeigniter4\framework\system\Commands\Server\rewrite.php(43): require_once('D:\\xampp\\htdocs...')
#6 {main}
CRITICAL - 2022-01-04 01:26:17 --> Call to undefined method CodeIgniter\Database\MySQLi\Connection::like()
#0 D:\xampp\htdocs\crud-basic-ci4-master\app\Controllers\Barang.php(111): App\Models\Barang_model->search_customer('zidane')
#1 D:\xampp\htdocs\crud-basic-ci4-master\vendor\codeigniter4\framework\system\CodeIgniter.php(825): App\Controllers\Barang->get_autocomplete()
#2 D:\xampp\htdocs\crud-basic-ci4-master\vendor\codeigniter4\framework\system\CodeIgniter.php(412): CodeIgniter\CodeIgniter->runController(Object(App\Controllers\Barang))
#3 D:\xampp\htdocs\crud-basic-ci4-master\vendor\codeigniter4\framework\system\CodeIgniter.php(320): CodeIgniter\CodeIgniter->handleRequest(NULL, Object(Config\Cache), false)
#4 D:\xampp\htdocs\crud-basic-ci4-master\public\index.php(45): CodeIgniter\CodeIgniter->run()
#5 D:\xampp\htdocs\crud-basic-ci4-master\vendor\codeigniter4\framework\system\Commands\Server\rewrite.php(43): require_once('D:\\xampp\\htdocs...')
#6 {main}
CRITICAL - 2022-01-04 01:27:03 --> Call to undefined method CodeIgniter\Database\MySQLi\Connection::like()
#0 D:\xampp\htdocs\crud-basic-ci4-master\app\Controllers\Barang.php(111): App\Models\Barang_model->search_customer('zidane')
#1 D:\xampp\htdocs\crud-basic-ci4-master\vendor\codeigniter4\framework\system\CodeIgniter.php(825): App\Controllers\Barang->get_autocomplete()
#2 D:\xampp\htdocs\crud-basic-ci4-master\vendor\codeigniter4\framework\system\CodeIgniter.php(412): CodeIgniter\CodeIgniter->runController(Object(App\Controllers\Barang))
#3 D:\xampp\htdocs\crud-basic-ci4-master\vendor\codeigniter4\framework\system\CodeIgniter.php(320): CodeIgniter\CodeIgniter->handleRequest(NULL, Object(Config\Cache), false)
#4 D:\xampp\htdocs\crud-basic-ci4-master\public\index.php(45): CodeIgniter\CodeIgniter->run()
#5 D:\xampp\htdocs\crud-basic-ci4-master\vendor\codeigniter4\framework\system\Commands\Server\rewrite.php(43): require_once('D:\\xampp\\htdocs...')
#6 {main}
CRITICAL - 2022-01-04 01:42:42 --> Call to undefined method CodeIgniter\Database\MySQLi\Connection::like()
#0 D:\xampp\htdocs\crud-basic-ci4-master\app\Controllers\Barang.php(111): App\Models\Barang_model->search_customer('zidane')
#1 D:\xampp\htdocs\crud-basic-ci4-master\vendor\codeigniter4\framework\system\CodeIgniter.php(825): App\Controllers\Barang->get_autocomplete()
#2 D:\xampp\htdocs\crud-basic-ci4-master\vendor\codeigniter4\framework\system\CodeIgniter.php(412): CodeIgniter\CodeIgniter->runController(Object(App\Controllers\Barang))
#3 D:\xampp\htdocs\crud-basic-ci4-master\vendor\codeigniter4\framework\system\CodeIgniter.php(320): CodeIgniter\CodeIgniter->handleRequest(NULL, Object(Config\Cache), false)
#4 D:\xampp\htdocs\crud-basic-ci4-master\public\index.php(45): CodeIgniter\CodeIgniter->run()
#5 D:\xampp\htdocs\crud-basic-ci4-master\vendor\codeigniter4\framework\system\Commands\Server\rewrite.php(43): require_once('D:\\xampp\\htdocs...')
#6 {main}
CRITICAL - 2022-01-04 01:42:55 --> Call to undefined method CodeIgniter\Database\MySQLi\Connection::like()
#0 D:\xampp\htdocs\crud-basic-ci4-master\app\Controllers\Barang.php(111): App\Models\Barang_model->search_customer('zidane')
#1 D:\xampp\htdocs\crud-basic-ci4-master\vendor\codeigniter4\framework\system\CodeIgniter.php(825): App\Controllers\Barang->get_autocomplete()
#2 D:\xampp\htdocs\crud-basic-ci4-master\vendor\codeigniter4\framework\system\CodeIgniter.php(412): CodeIgniter\CodeIgniter->runController(Object(App\Controllers\Barang))
#3 D:\xampp\htdocs\crud-basic-ci4-master\vendor\codeigniter4\framework\system\CodeIgniter.php(320): CodeIgniter\CodeIgniter->handleRequest(NULL, Object(Config\Cache), false)
#4 D:\xampp\htdocs\crud-basic-ci4-master\public\index.php(45): CodeIgniter\CodeIgniter->run()
#5 D:\xampp\htdocs\crud-basic-ci4-master\vendor\codeigniter4\framework\system\Commands\Server\rewrite.php(43): require_once('D:\\xampp\\htdocs...')
#6 {main}
