CRITICAL - 2022-01-05 10:38:05 --> Unable to connect to the database.
Main connection [MySQLi]: Unknown database 'ci4_barang'
#0 D:\xampp\htdocs\eNota\vendor\codeigniter4\framework\system\Database\BaseConnection.php(577): CodeIgniter\Database\BaseConnection->initialize()
#1 D:\xampp\htdocs\eNota\vendor\codeigniter4\framework\system\Database\BaseBuilder.php(1455): CodeIgniter\Database\BaseConnection->query('SELECT *\nFROM `...', Array, false)
#2 D:\xampp\htdocs\eNota\vendor\codeigniter4\framework\system\Model.php(183): CodeIgniter\Database\BaseBuilder->get()
#3 D:\xampp\htdocs\eNota\vendor\codeigniter4\framework\system\BaseModel.php(584): CodeIgniter\Model->doFindAll(0, 0)
#4 D:\xampp\htdocs\eNota\app\Models\Barang_model.php(12): CodeIgniter\BaseModel->findAll()
#5 D:\xampp\htdocs\eNota\app\Controllers\Barang.php(12): App\Models\Barang_model->getBarang()
#6 D:\xampp\htdocs\eNota\vendor\codeigniter4\framework\system\CodeIgniter.php(825): App\Controllers\Barang->index()
#7 D:\xampp\htdocs\eNota\vendor\codeigniter4\framework\system\CodeIgniter.php(412): CodeIgniter\CodeIgniter->runController(Object(App\Controllers\Barang))
#8 D:\xampp\htdocs\eNota\vendor\codeigniter4\framework\system\CodeIgniter.php(320): CodeIgniter\CodeIgniter->handleRequest(NULL, Object(Config\Cache), false)
#9 D:\xampp\htdocs\eNota\public\index.php(45): CodeIgniter\CodeIgniter->run()
#10 D:\xampp\htdocs\eNota\vendor\codeigniter4\framework\system\Commands\Server\rewrite.php(43): require_once('D:\\xampp\\htdocs...')
#11 {main}
CRITICAL - 2022-01-05 10:38:53 --> Undefined array key "namacustomer"
#0 D:\xampp\htdocs\eNota\app\Views\barang_view.php(29): CodeIgniter\Debug\Exceptions->errorHandler(2, 'Undefined array...', 'D:\\xampp\\htdocs...', 29)
#1 D:\xampp\htdocs\eNota\vendor\codeigniter4\framework\system\View\View.php(210): include('D:\\xampp\\htdocs...')
#2 D:\xampp\htdocs\eNota\vendor\codeigniter4\framework\system\View\View.php(213): CodeIgniter\View\View->CodeIgniter\View\{closure}()
#3 D:\xampp\htdocs\eNota\vendor\codeigniter4\framework\system\Common.php(1089): CodeIgniter\View\View->render('barang_view', Array, true)
#4 D:\xampp\htdocs\eNota\app\Controllers\Barang.php(14): view('barang_view', Array)
#5 D:\xampp\htdocs\eNota\vendor\codeigniter4\framework\system\CodeIgniter.php(825): App\Controllers\Barang->index()
#6 D:\xampp\htdocs\eNota\vendor\codeigniter4\framework\system\CodeIgniter.php(412): CodeIgniter\CodeIgniter->runController(Object(App\Controllers\Barang))
#7 D:\xampp\htdocs\eNota\vendor\codeigniter4\framework\system\CodeIgniter.php(320): CodeIgniter\CodeIgniter->handleRequest(NULL, Object(Config\Cache), false)
#8 D:\xampp\htdocs\eNota\public\index.php(45): CodeIgniter\CodeIgniter->run()
#9 D:\xampp\htdocs\eNota\vendor\codeigniter4\framework\system\Commands\Server\rewrite.php(43): require_once('D:\\xampp\\htdocs...')
#10 {main}
CRITICAL - 2022-01-05 10:38:54 --> Undefined array key "namacustomer"
#0 D:\xampp\htdocs\eNota\app\Views\barang_view.php(29): CodeIgniter\Debug\Exceptions->errorHandler(2, 'Undefined array...', 'D:\\xampp\\htdocs...', 29)
#1 D:\xampp\htdocs\eNota\vendor\codeigniter4\framework\system\View\View.php(210): include('D:\\xampp\\htdocs...')
#2 D:\xampp\htdocs\eNota\vendor\codeigniter4\framework\system\View\View.php(213): CodeIgniter\View\View->CodeIgniter\View\{closure}()
#3 D:\xampp\htdocs\eNota\vendor\codeigniter4\framework\system\Common.php(1089): CodeIgniter\View\View->render('barang_view', Array, true)
#4 D:\xampp\htdocs\eNota\app\Controllers\Barang.php(14): view('barang_view', Array)
#5 D:\xampp\htdocs\eNota\vendor\codeigniter4\framework\system\CodeIgniter.php(825): App\Controllers\Barang->index()
#6 D:\xampp\htdocs\eNota\vendor\codeigniter4\framework\system\CodeIgniter.php(412): CodeIgniter\CodeIgniter->runController(Object(App\Controllers\Barang))
#7 D:\xampp\htdocs\eNota\vendor\codeigniter4\framework\system\CodeIgniter.php(320): CodeIgniter\CodeIgniter->handleRequest(NULL, Object(Config\Cache), false)
#8 D:\xampp\htdocs\eNota\public\index.php(45): CodeIgniter\CodeIgniter->run()
#9 D:\xampp\htdocs\eNota\vendor\codeigniter4\framework\system\Commands\Server\rewrite.php(43): require_once('D:\\xampp\\htdocs...')
#10 {main}
CRITICAL - 2022-01-05 10:38:55 --> Undefined array key "namacustomer"
#0 D:\xampp\htdocs\eNota\app\Views\barang_view.php(29): CodeIgniter\Debug\Exceptions->errorHandler(2, 'Undefined array...', 'D:\\xampp\\htdocs...', 29)
#1 D:\xampp\htdocs\eNota\vendor\codeigniter4\framework\system\View\View.php(210): include('D:\\xampp\\htdocs...')
#2 D:\xampp\htdocs\eNota\vendor\codeigniter4\framework\system\View\View.php(213): CodeIgniter\View\View->CodeIgniter\View\{closure}()
#3 D:\xampp\htdocs\eNota\vendor\codeigniter4\framework\system\Common.php(1089): CodeIgniter\View\View->render('barang_view', Array, true)
#4 D:\xampp\htdocs\eNota\app\Controllers\Barang.php(14): view('barang_view', Array)
#5 D:\xampp\htdocs\eNota\vendor\codeigniter4\framework\system\CodeIgniter.php(825): App\Controllers\Barang->index()
#6 D:\xampp\htdocs\eNota\vendor\codeigniter4\framework\system\CodeIgniter.php(412): CodeIgniter\CodeIgniter->runController(Object(App\Controllers\Barang))
#7 D:\xampp\htdocs\eNota\vendor\codeigniter4\framework\system\CodeIgniter.php(320): CodeIgniter\CodeIgniter->handleRequest(NULL, Object(Config\Cache), false)
#8 D:\xampp\htdocs\eNota\public\index.php(45): CodeIgniter\CodeIgniter->run()
#9 D:\xampp\htdocs\eNota\vendor\codeigniter4\framework\system\Commands\Server\rewrite.php(43): require_once('D:\\xampp\\htdocs...')
#10 {main}
CRITICAL - 2022-01-05 19:58:44 --> Undefined array key "namacustomer"
#0 D:\xampp\htdocs\eNota\app\Views\barang_view.php(30): CodeIgniter\Debug\Exceptions->errorHandler(2, 'Undefined array...', 'D:\\xampp\\htdocs...', 30)
#1 D:\xampp\htdocs\eNota\vendor\codeigniter4\framework\system\View\View.php(210): include('D:\\xampp\\htdocs...')
#2 D:\xampp\htdocs\eNota\vendor\codeigniter4\framework\system\View\View.php(213): CodeIgniter\View\View->CodeIgniter\View\{closure}()
#3 D:\xampp\htdocs\eNota\vendor\codeigniter4\framework\system\Common.php(1089): CodeIgniter\View\View->render('barang_view', Array, true)
#4 D:\xampp\htdocs\eNota\app\Controllers\Barang.php(14): view('barang_view', Array)
#5 D:\xampp\htdocs\eNota\vendor\codeigniter4\framework\system\CodeIgniter.php(825): App\Controllers\Barang->index()
#6 D:\xampp\htdocs\eNota\vendor\codeigniter4\framework\system\CodeIgniter.php(412): CodeIgniter\CodeIgniter->runController(Object(App\Controllers\Barang))
#7 D:\xampp\htdocs\eNota\vendor\codeigniter4\framework\system\CodeIgniter.php(320): CodeIgniter\CodeIgniter->handleRequest(NULL, Object(Config\Cache), false)
#8 D:\xampp\htdocs\eNota\public\index.php(45): CodeIgniter\CodeIgniter->run()
#9 D:\xampp\htdocs\eNota\vendor\codeigniter4\framework\system\Commands\Server\rewrite.php(43): require_once('D:\\xampp\\htdocs...')
#10 {main}
CRITICAL - 2022-01-05 20:03:16 --> Undefined array key "nama_barang"
#0 D:\xampp\htdocs\eNota\app\Views\barang_view.php(29): CodeIgniter\Debug\Exceptions->errorHandler(2, 'Undefined array...', 'D:\\xampp\\htdocs...', 29)
#1 D:\xampp\htdocs\eNota\vendor\codeigniter4\framework\system\View\View.php(210): include('D:\\xampp\\htdocs...')
#2 D:\xampp\htdocs\eNota\vendor\codeigniter4\framework\system\View\View.php(213): CodeIgniter\View\View->CodeIgniter\View\{closure}()
#3 D:\xampp\htdocs\eNota\vendor\codeigniter4\framework\system\Common.php(1089): CodeIgniter\View\View->render('barang_view', Array, true)
#4 D:\xampp\htdocs\eNota\app\Controllers\Barang.php(14): view('barang_view', Array)
#5 D:\xampp\htdocs\eNota\vendor\codeigniter4\framework\system\CodeIgniter.php(825): App\Controllers\Barang->index()
#6 D:\xampp\htdocs\eNota\vendor\codeigniter4\framework\system\CodeIgniter.php(412): CodeIgniter\CodeIgniter->runController(Object(App\Controllers\Barang))
#7 D:\xampp\htdocs\eNota\vendor\codeigniter4\framework\system\CodeIgniter.php(320): CodeIgniter\CodeIgniter->handleRequest(NULL, Object(Config\Cache), false)
#8 D:\xampp\htdocs\eNota\public\index.php(45): CodeIgniter\CodeIgniter->run()
#9 D:\xampp\htdocs\eNota\vendor\codeigniter4\framework\system\Commands\Server\rewrite.php(43): require_once('D:\\xampp\\htdocs...')
#10 {main}
CRITICAL - 2022-01-05 20:05:24 --> number_format(): Argument #1 ($num) must be of type float, string given
#0 D:\xampp\htdocs\eNota\app\Views\barang_view.php(33): number_format('')
#1 D:\xampp\htdocs\eNota\vendor\codeigniter4\framework\system\View\View.php(210): include('D:\\xampp\\htdocs...')
#2 D:\xampp\htdocs\eNota\vendor\codeigniter4\framework\system\View\View.php(213): CodeIgniter\View\View->CodeIgniter\View\{closure}()
#3 D:\xampp\htdocs\eNota\vendor\codeigniter4\framework\system\Common.php(1089): CodeIgniter\View\View->render('barang_view', Array, true)
#4 D:\xampp\htdocs\eNota\app\Controllers\Barang.php(14): view('barang_view', Array)
#5 D:\xampp\htdocs\eNota\vendor\codeigniter4\framework\system\CodeIgniter.php(825): App\Controllers\Barang->index()
#6 D:\xampp\htdocs\eNota\vendor\codeigniter4\framework\system\CodeIgniter.php(412): CodeIgniter\CodeIgniter->runController(Object(App\Controllers\Barang))
#7 D:\xampp\htdocs\eNota\vendor\codeigniter4\framework\system\CodeIgniter.php(320): CodeIgniter\CodeIgniter->handleRequest(NULL, Object(Config\Cache), false)
#8 D:\xampp\htdocs\eNota\public\index.php(45): CodeIgniter\CodeIgniter->run()
#9 D:\xampp\htdocs\eNota\vendor\codeigniter4\framework\system\Commands\Server\rewrite.php(43): require_once('D:\\xampp\\htdocs...')
#10 {main}
